

Version:	3.50
CmdLine:	C:\Users\hetro\OneDrive\Documents\NetBeansProjects\Skyline\dist\SkyLine.exe --l4j-debug
JNI:		No
WOW64:		Yes
Working dir:	C:\Users\hetro\OneDrive\Documents\NetBeansProjects\Skyline\dist\.
Requires JDK:	Yes
Requires 64-Bit: Yes
Java min ver:	
Java max ver:	
JRE paths:	C:\Program Files\Java\jdk-17.0.4
Check launcher:	C:\Program Files\Java\jdk-17.0.4\bin\javaw.exe (OK)
Check javac:	C:\Program Files\Java\jdk-17.0.4\bin\javac.exe (OK)
Version string: 1.017.000_004 / 64-Bit (OK)
Launcher:	C:\Program Files\Java\jdk-17.0.4\bin\javaw.exe
Launcher args:	-jar "C:\Users\hetro\OneDrive\Documents\NetBeansProjects\Skyline\dist\SkyLine.exe"
Args length:	82/32768 chars
Exit code:	0


Version:	3.50
CmdLine:	C:\Users\hetro\OneDrive\Documents\NetBeansProjects\Skyline\dist\Sudoku.exe --l4j-debug
JNI:		No
WOW64:		Yes
Working dir:	C:\Users\hetro\OneDrive\Documents\NetBeansProjects\Skyline\dist\.
Requires JDK:	No
Requires 64-Bit: No
Java min ver:	
Java max ver:	
Substitute:	JAVA_HOME = 
Substitute:	PATH = C:\Program Files\Common Files\Oracle\Java\javapath;C:\WINDOWS\system32;C:\WINDOWS;C:\WINDOWS\System32\Wbem;C:\WINDOWS\System32\WindowsPowerShell\v1.0\;C:\WINDOWS\System32\OpenSSH\;C:\Program Files\Git\cmd;C:\Program Files\nodejs\;C:\Program Files\Microsoft VS Code\bin;C:\Program Files\CMake\bin;C:\xampp\php;C:\composer;C:\Users\hetro\AppData\Local\Programs\Python\Python311\Scripts\;C:\Users\hetro\AppData\Local\Programs\Python\Python311\;C:\Users\hetro\AppData\Local\Microsoft\WindowsApps;C:\Users\hetro\AppData\Roaming\npm;C:\Users\hetro\AppData\Roaming\Composer\vendor\bin;C:\Program Files\Java\jdk-17.0.4\bin
JRE paths:	;C:\Program Files\Common Files\Oracle\Java\javapath;C:\WINDOWS\system32;C:\WINDOWS;C:\WINDOWS\System32\Wbem;C:\WINDOWS\System32\WindowsPowerShell\v1.0\;C:\WINDOWS\System32\OpenSSH\;C:\Program Files\Git\cmd;C:\Program Files\nodejs\;C:\Program Files\Microsoft VS Code\bin;C:\Program Files\CMake\bin;C:\xampp\php;C:\composer;C:\Users\hetro\AppData\Local\Programs\Python\Python311\Scripts\;C:\Users\hetro\AppData\Local\Programs\Python\Python311\;C:\Users\hetro\AppData\Local\Microsoft\WindowsApps;C:\Users\hetro\AppData\Roaming\npm;C:\Users\hetro\AppData\Roaming\Composer\vendor\bin;C:\Program Files\Java\jdk-17.0.4\bin
Check launcher:	C:\Program Files\Common Files\Oracle\Java\javapath\bin\javaw.exe (not found)
Check launcher:	C:\WINDOWS\system32\bin\javaw.exe (not found)
Check launcher:	C:\WINDOWS\bin\javaw.exe (not found)
Check launcher:	C:\WINDOWS\System32\Wbem\bin\javaw.exe (not found)
Check launcher:	C:\WINDOWS\System32\WindowsPowerShell\v1.0\bin\javaw.exe (not found)
Check launcher:	C:\WINDOWS\System32\OpenSSH\bin\javaw.exe (not found)
Check launcher:	C:\Program Files\Git\cmd\bin\javaw.exe (not found)
Check launcher:	C:\Program Files\nodejs\bin\javaw.exe (not found)
Check launcher:	C:\Program Files\Microsoft VS Code\bin\javaw.exe (not found)
Check launcher:	C:\Program Files\CMake\bin\javaw.exe (not found)
Check launcher:	C:\xampp\php\bin\javaw.exe (not found)
Check launcher:	C:\composer\bin\javaw.exe (not found)
Check launcher:	C:\Users\hetro\AppData\Local\Programs\Python\Python311\Scripts\bin\javaw.exe (not found)
Check launcher:	C:\Users\hetro\AppData\Local\Programs\Python\Python311\bin\javaw.exe (not found)
Check launcher:	C:\Users\hetro\AppData\Local\Microsoft\WindowsApps\bin\javaw.exe (not found)
Check launcher:	C:\Users\hetro\AppData\Roaming\npm\bin\javaw.exe (not found)
Check launcher:	C:\Users\hetro\AppData\Roaming\Composer\vendor\bin\javaw.exe (not found)
Check launcher:	C:\Program Files\Java\jdk-17.0.4\bin\javaw.exe (OK)
Version string: 1.017.000_004 / 64-Bit (OK)
Launcher:	C:\Program Files\Java\jdk-17.0.4\bin\javaw.exe
Launcher args:	-jar "C:\Users\hetro\OneDrive\Documents\NetBeansProjects\Skyline\dist\Sudoku.exe"
Args length:	81/32768 chars
Exit code:	0


Version:	3.50
CmdLine:	C:\Users\hetro\OneDrive\Documents\NetBeansProjects\Skyline\dist\Sudoku.exe --l4j-debug
JNI:		No
WOW64:		Yes
Working dir:	C:\Users\hetro\OneDrive\Documents\NetBeansProjects\Skyline\dist\.
Requires JDK:	Yes
Requires 64-Bit: Yes
Java min ver:	
Java max ver:	
JRE paths:	C:\Program Files\Java\jdk-17.0.4
Check launcher:	C:\Program Files\Java\jdk-17.0.4\bin\javaw.exe (OK)
Check javac:	C:\Program Files\Java\jdk-17.0.4\bin\javac.exe (OK)
Version string: 1.017.000_004 / 64-Bit (OK)
Launcher:	C:\Program Files\Java\jdk-17.0.4\bin\javaw.exe
Launcher args:	-jar "C:\Users\hetro\OneDrive\Documents\NetBeansProjects\Skyline\dist\Sudoku.exe"
Args length:	81/32768 chars
Exit code:	0
